<?xml version="1.0" encoding="UTF-8"?>
<!-- Generated by org.testng.reporters.JUnitReportReporter -->
<testsuite hostname="LAPTOP-LE727B7K" failures="0" tests="1" name="script.DemoTest2" time="2.299" errors="0" timestamp="2023-05-21T14:13:04 IST" skipped="0">
  <testcase classname="script.DemoTest2" name="demoTest2" time="2.299"/>
  <system-out>
    <![CDATA[Facebook â€“ log in or sign up]]>
  </system-out>
</testsuite> <!-- script.DemoTest2 -->
