<?xml version="1.0" encoding="UTF-8"?>
<!-- Generated by org.testng.reporters.JUnitReportReporter -->
<testsuite hostname="LAPTOP-LE727B7K" failures="0" tests="1" name="script.DemoTest" time="7.839" errors="0" timestamp="2023-05-21T17:29:37 IST" skipped="0">
  <testcase classname="script.DemoTest" name="demoTest1" time="7.839"/>
  <system-out>
    <![CDATA[test data:admin
Google]]>
  </system-out>
</testsuite> <!-- script.DemoTest -->
